# JRE version: OpenJDK Runtime Environment (8.0_212-b04) (build 1.8.0_212-release-1586-b04)
# Java VM: OpenJDK 64-Bit Server VM (25.212-b04 mixed mode windows-amd64 compressed oops)
Heap:
 PSYoungGen      total 237056K, used 183589K [0x00000000e0000000, 0x00000000f4880000, 0x0000000100000000)
  eden space 213504K, 85% used [0x00000000e0000000,0x00000000eb349518,0x00000000ed080000)
  from space 23552K, 0% used [0x00000000ed080000,0x00000000ed080000,0x00000000ee780000)
  to   space 23552K, 0% used [0x00000000f3180000,0x00000000f3180000,0x00000000f4880000)
 ParOldGen       total 138752K, used 37763K [0x00000000a0000000, 0x00000000a8780000, 0x00000000e0000000)
  object space 138752K, 27% used [0x00000000a0000000,0x00000000a24e0d10,0x00000000a8780000)
 Metaspace       used 66342K, capacity 68674K, committed 68864K, reserved 1110016K
  class space    used 8975K, capacity 9672K, committed 9728K, reserved 1048576K
GC Heap History (10 events):
Event: 27.898 GC heap before
{Heap before GC invocations=10 (full 2):
 PSYoungGen      total 179712K, used 12061K [0x00000000e0000000, 0x00000000eec80000, 0x0000000100000000)
  eden space 165376K, 0% used [0x00000000e0000000,0x00000000e0000000,0x00000000ea180000)
  from space 14336K, 84% used [0x00000000eb080000,0x00000000ebc47748,0x00000000ebe80000)
  to   space 15360K, 0% used [0x00000000ea180000,0x00000000ea180000,0x00000000eb080000)
 ParOldGen       total 62464K, used 12597K [0x00000000a0000000, 0x00000000a3d00000, 0x00000000e0000000)
  object space 62464K, 20% used [0x00000000a0000000,0x00000000a0c4d7b0,0x00000000a3d00000)
 Metaspace       used 34582K, capacity 35408K, committed 35496K, reserved 1079296K
  class space    used 4752K, capacity 5041K, committed 5120K, reserved 1048576K
Event: 28.090 GC heap after
Heap after GC invocations=10 (full 2):
 PSYoungGen      total 179712K, used 0K [0x00000000e0000000, 0x00000000eec80000, 0x0000000100000000)
  eden space 165376K, 0% used [0x00000000e0000000,0x00000000e0000000,0x00000000ea180000)
  from space 14336K, 0% used [0x00000000eb080000,0x00000000eb080000,0x00000000ebe80000)
  to   space 15360K, 0% used [0x00000000ea180000,0x00000000ea180000,0x00000000eb080000)
 ParOldGen       total 93696K, used 18989K [0x00000000a0000000, 0x00000000a5b80000, 0x00000000e0000000)
  object space 93696K, 20% used [0x00000000a0000000,0x00000000a128b7e8,0x00000000a5b80000)
 Metaspace       used 34582K, capacity 35408K, committed 35496K, reserved 1079296K
  class space    used 4752K, capacity 5041K, committed 5120K, reserved 1048576K
}
Event: 37.917 GC heap before
{Heap before GC invocations=11 (full 2):
 PSYoungGen      total 179712K, used 165376K [0x00000000e0000000, 0x00000000eec80000, 0x0000000100000000)
  eden space 165376K, 100% used [0x00000000e0000000,0x00000000ea180000,0x00000000ea180000)
  from space 14336K, 0% used [0x00000000eb080000,0x00000000eb080000,0x00000000ebe80000)
  to   space 15360K, 0% used [0x00000000ea180000,0x00000000ea180000,0x00000000eb080000)
 ParOldGen       total 93696K, used 18989K [0x00000000a0000000, 0x00000000a5b80000, 0x00000000e0000000)
  object space 93696K, 20% used [0x00000000a0000000,0x00000000a128b7e8,0x00000000a5b80000)
 Metaspace       used 46379K, capacity 47478K, committed 47616K, reserved 1089536K
  class space    used 6214K, capacity 6574K, committed 6656K, reserved 1048576K
Event: 38.066 GC heap after
Heap after GC invocations=11 (full 2):
 PSYoungGen      total 180736K, used 15328K [0x00000000e0000000, 0x00000000efb00000, 0x0000000100000000)
  eden space 165376K, 0% used [0x00000000e0000000,0x00000000e0000000,0x00000000ea180000)
  from space 15360K, 99% used [0x00000000ea180000,0x00000000eb078178,0x00000000eb080000)
  to   space 19456K, 0% used [0x00000000ee800000,0x00000000ee800000,0x00000000efb00000)
 ParOldGen       total 93696K, used 24625K [0x00000000a0000000, 0x00000000a5b80000, 0x00000000e0000000)
  object space 93696K, 26% used [0x00000000a0000000,0x00000000a180c7d0,0x00000000a5b80000)
 Metaspace       used 46379K, capacity 47478K, committed 47616K, reserved 1089536K
  class space    used 6214K, capacity 6574K, committed 6656K, reserved 1048576K
}
Event: 51.327 GC heap before
{Heap before GC invocations=12 (full 2):
 PSYoungGen      total 180736K, used 180704K [0x00000000e0000000, 0x00000000efb00000, 0x0000000100000000)
  eden space 165376K, 100% used [0x00000000e0000000,0x00000000ea180000,0x00000000ea180000)
  from space 15360K, 99% used [0x00000000ea180000,0x00000000eb078178,0x00000000eb080000)
  to   space 19456K, 0% used [0x00000000ee800000,0x00000000ee800000,0x00000000efb00000)
 ParOldGen       total 93696K, used 24625K [0x00000000a0000000, 0x00000000a5b80000, 0x00000000e0000000)
  object space 93696K, 26% used [0x00000000a0000000,0x00000000a180c7d0,0x00000000a5b80000)
 Metaspace       used 54736K, capacity 56088K, committed 56320K, reserved 1097728K
  class space    used 7264K, capacity 7665K, committed 7680K, reserved 1048576K
Event: 51.380 GC heap after
Heap after GC invocations=12 (full 2):
 PSYoungGen      total 232960K, used 19453K [0x00000000e0000000, 0x00000000efe80000, 0x0000000100000000)
  eden space 213504K, 0% used [0x00000000e0000000,0x00000000e0000000,0x00000000ed080000)
  from space 19456K, 99% used [0x00000000ee800000,0x00000000efaff548,0x00000000efb00000)
  to   space 23552K, 0% used [0x00000000ed080000,0x00000000ed080000,0x00000000ee780000)
 ParOldGen       total 93696K, used 27983K [0x00000000a0000000, 0x00000000a5b80000, 0x00000000e0000000)
  object space 93696K, 29% used [0x00000000a0000000,0x00000000a1b53dc0,0x00000000a5b80000)
 Metaspace       used 54736K, capacity 56088K, committed 56320K, reserved 1097728K
  class space    used 7264K, capacity 7665K, committed 7680K, reserved 1048576K
}
Event: 52.603 GC heap before
{Heap before GC invocations=13 (full 2):
 PSYoungGen      total 232960K, used 62982K [0x00000000e0000000, 0x00000000efe80000, 0x0000000100000000)
  eden space 213504K, 20% used [0x00000000e0000000,0x00000000e2a82338,0x00000000ed080000)
  from space 19456K, 99% used [0x00000000ee800000,0x00000000efaff548,0x00000000efb00000)
  to   space 23552K, 0% used [0x00000000ed080000,0x00000000ed080000,0x00000000ee780000)
 ParOldGen       total 93696K, used 27983K [0x00000000a0000000, 0x00000000a5b80000, 0x00000000e0000000)
  object space 93696K, 29% used [0x00000000a0000000,0x00000000a1b53dc0,0x00000000a5b80000)
 Metaspace       used 57572K, capacity 59002K, committed 59160K, reserved 1099776K
  class space    used 7660K, capacity 8050K, committed 8064K, reserved 1048576K
Event: 52.642 GC heap after
Heap after GC invocations=13 (full 2):
 PSYoungGen      total 237056K, used 4748K [0x00000000e0000000, 0x00000000f4880000, 0x0000000100000000)
  eden space 213504K, 0% used [0x00000000e0000000,0x00000000e0000000,0x00000000ed080000)
  from space 23552K, 20% used [0x00000000ed080000,0x00000000ed5231d0,0x00000000ee780000)
  to   space 23552K, 0% used [0x00000000f3180000,0x00000000f3180000,0x00000000f4880000)
 ParOldGen       total 93696K, used 43700K [0x00000000a0000000, 0x00000000a5b80000, 0x00000000e0000000)
  object space 93696K, 46% used [0x00000000a0000000,0x00000000a2aad2b8,0x00000000a5b80000)
 Metaspace       used 57572K, capacity 59002K, committed 59160K, reserved 1099776K
  class space    used 7660K, capacity 8050K, committed 8064K, reserved 1048576K
}
Event: 52.642 GC heap before
{Heap before GC invocations=14 (full 3):
 PSYoungGen      total 237056K, used 4748K [0x00000000e0000000, 0x00000000f4880000, 0x0000000100000000)
  eden space 213504K, 0% used [0x00000000e0000000,0x00000000e0000000,0x00000000ed080000)
  from space 23552K, 20% used [0x00000000ed080000,0x00000000ed5231d0,0x00000000ee780000)
  to   space 23552K, 0% used [0x00000000f3180000,0x00000000f3180000,0x00000000f4880000)
 ParOldGen       total 93696K, used 43700K [0x00000000a0000000, 0x00000000a5b80000, 0x00000000e0000000)
  object space 93696K, 46% used [0x00000000a0000000,0x00000000a2aad2b8,0x00000000a5b80000)
 Metaspace       used 57572K, capacity 59002K, committed 59160K, reserved 1099776K
  class space    used 7660K, capacity 8050K, committed 8064K, reserved 1048576K
Event: 53.197 GC heap after
Heap after GC invocations=14 (full 3):
 PSYoungGen      total 237056K, used 0K [0x00000000e0000000, 0x00000000f4880000, 0x0000000100000000)
  eden space 213504K, 0% used [0x00000000e0000000,0x00000000e0000000,0x00000000ed080000)
  from space 23552K, 0% used [0x00000000ed080000,0x00000000ed080000,0x00000000ee780000)
  to   space 23552K, 0% used [0x00000000f3180000,0x00000000f3180000,0x00000000f4880000)
 ParOldGen       total 138752K, used 37763K [0x00000000a0000000, 0x00000000a8780000, 0x00000000e0000000)
  object space 138752K, 27% used [0x00000000a0000000,0x00000000a24e0d10,0x00000000a8780000)
 Metaspace       used 57572K, capacity 59002K, committed 59160K, reserved 1099776K
  class space    used 7660K, capacity 8050K, committed 8064K, reserved 1048576K
}

