# JRE version: OpenJDK Runtime Environment (8.0_242-b01) (build 1.8.0_242-release-1644-b01)
# Java VM: OpenJDK 64-Bit Server VM (25.242-b01 mixed mode windows-amd64 compressed oops)
Heap:
 PSYoungGen      total 140800K, used 58150K [0x000000076bd80000, 0x0000000777d00000, 0x00000007c0000000)
  eden space 130048K, 44% used [0x000000076bd80000,0x000000076f649840,0x0000000773c80000)
  from space 10752K, 0% used [0x0000000773c80000,0x0000000773c80000,0x0000000774700000)
  to   space 10752K, 0% used [0x0000000777280000,0x0000000777280000,0x0000000777d00000)
 ParOldGen       total 141312K, used 42512K [0x00000006c3800000, 0x00000006cc200000, 0x000000076bd80000)
  object space 141312K, 30% used [0x00000006c3800000,0x00000006c6184168,0x00000006cc200000)
 Metaspace       used 39946K, capacity 40640K, committed 40920K, reserved 1085440K
  class space    used 4933K, capacity 5118K, committed 5120K, reserved 1048576K
GC Heap History (10 events):
Event: 0.797 GC heap before
{Heap before GC invocations=1 (full 0):
 PSYoungGen      total 75776K, used 65024K [0x000000076bd80000, 0x0000000771200000, 0x00000007c0000000)
  eden space 65024K, 100% used [0x000000076bd80000,0x000000076fd00000,0x000000076fd00000)
  from space 10752K, 0% used [0x0000000770780000,0x0000000770780000,0x0000000771200000)
  to   space 10752K, 0% used [0x000000076fd00000,0x000000076fd00000,0x0000000770780000)
 ParOldGen       total 173568K, used 0K [0x00000006c3800000, 0x00000006ce180000, 0x000000076bd80000)
  object space 173568K, 0% used [0x00000006c3800000,0x00000006c3800000,0x00000006ce180000)
 Metaspace       used 15593K, capacity 15908K, committed 16000K, reserved 1062912K
  class space    used 1761K, capacity 1836K, committed 1920K, reserved 1048576K
Event: 0.805 GC heap after
Heap after GC invocations=1 (full 0):
 PSYoungGen      total 75776K, used 10750K [0x000000076bd80000, 0x0000000775180000, 0x00000007c0000000)
  eden space 65024K, 0% used [0x000000076bd80000,0x000000076bd80000,0x000000076fd00000)
  from space 10752K, 99% used [0x000000076fd00000,0x000000077077fb30,0x0000000770780000)
  to   space 10752K, 0% used [0x0000000774700000,0x0000000774700000,0x0000000775180000)
 ParOldGen       total 173568K, used 4540K [0x00000006c3800000, 0x00000006ce180000, 0x000000076bd80000)
  object space 173568K, 2% used [0x00000006c3800000,0x00000006c3c6f068,0x00000006ce180000)
 Metaspace       used 15593K, capacity 15908K, committed 16000K, reserved 1062912K
  class space    used 1761K, capacity 1836K, committed 1920K, reserved 1048576K
}
Event: 1.066 GC heap before
{Heap before GC invocations=2 (full 0):
 PSYoungGen      total 75776K, used 44079K [0x000000076bd80000, 0x0000000775180000, 0x00000007c0000000)
  eden space 65024K, 51% used [0x000000076bd80000,0x000000076de0c1c8,0x000000076fd00000)
  from space 10752K, 99% used [0x000000076fd00000,0x000000077077fb30,0x0000000770780000)
  to   space 10752K, 0% used [0x0000000774700000,0x0000000774700000,0x0000000775180000)
 ParOldGen       total 173568K, used 4540K [0x00000006c3800000, 0x00000006ce180000, 0x000000076bd80000)
  object space 173568K, 2% used [0x00000006c3800000,0x00000006c3c6f068,0x00000006ce180000)
 Metaspace       used 20670K, capacity 21082K, committed 21248K, reserved 1069056K
  class space    used 2356K, capacity 2491K, committed 2560K, reserved 1048576K
Event: 1.078 GC heap after
Heap after GC invocations=2 (full 0):
 PSYoungGen      total 140800K, used 10721K [0x000000076bd80000, 0x0000000775180000, 0x00000007c0000000)
  eden space 130048K, 0% used [0x000000076bd80000,0x000000076bd80000,0x0000000773c80000)
  from space 10752K, 99% used [0x0000000774700000,0x0000000775178780,0x0000000775180000)
  to   space 10752K, 0% used [0x0000000773c80000,0x0000000773c80000,0x0000000774700000)
 ParOldGen       total 173568K, used 16354K [0x00000006c3800000, 0x00000006ce180000, 0x000000076bd80000)
  object space 173568K, 9% used [0x00000006c3800000,0x00000006c47f8bd8,0x00000006ce180000)
 Metaspace       used 20670K, capacity 21082K, committed 21248K, reserved 1069056K
  class space    used 2356K, capacity 2491K, committed 2560K, reserved 1048576K
}
Event: 1.078 GC heap before
{Heap before GC invocations=3 (full 1):
 PSYoungGen      total 140800K, used 10721K [0x000000076bd80000, 0x0000000775180000, 0x00000007c0000000)
  eden space 130048K, 0% used [0x000000076bd80000,0x000000076bd80000,0x0000000773c80000)
  from space 10752K, 99% used [0x0000000774700000,0x0000000775178780,0x0000000775180000)
  to   space 10752K, 0% used [0x0000000773c80000,0x0000000773c80000,0x0000000774700000)
 ParOldGen       total 173568K, used 16354K [0x00000006c3800000, 0x00000006ce180000, 0x000000076bd80000)
  object space 173568K, 9% used [0x00000006c3800000,0x00000006c47f8bd8,0x00000006ce180000)
 Metaspace       used 20670K, capacity 21082K, committed 21248K, reserved 1069056K
  class space    used 2356K, capacity 2491K, committed 2560K, reserved 1048576K
Event: 1.127 GC heap after
Heap after GC invocations=3 (full 1):
 PSYoungGen      total 140800K, used 0K [0x000000076bd80000, 0x0000000775180000, 0x00000007c0000000)
  eden space 130048K, 0% used [0x000000076bd80000,0x000000076bd80000,0x0000000773c80000)
  from space 10752K, 0% used [0x0000000774700000,0x0000000774700000,0x0000000775180000)
  to   space 10752K, 0% used [0x0000000773c80000,0x0000000773c80000,0x0000000774700000)
 ParOldGen       total 141312K, used 22355K [0x00000006c3800000, 0x00000006cc200000, 0x000000076bd80000)
  object space 141312K, 15% used [0x00000006c3800000,0x00000006c4dd4e98,0x00000006cc200000)
 Metaspace       used 20670K, capacity 21082K, committed 21248K, reserved 1069056K
  class space    used 2356K, capacity 2491K, committed 2560K, reserved 1048576K
}
Event: 2.197 GC heap before
{Heap before GC invocations=4 (full 1):
 PSYoungGen      total 140800K, used 104992K [0x000000076bd80000, 0x0000000775180000, 0x00000007c0000000)
  eden space 130048K, 80% used [0x000000076bd80000,0x0000000772408158,0x0000000773c80000)
  from space 10752K, 0% used [0x0000000774700000,0x0000000774700000,0x0000000775180000)
  to   space 10752K, 0% used [0x0000000773c80000,0x0000000773c80000,0x0000000774700000)
 ParOldGen       total 141312K, used 22355K [0x00000006c3800000, 0x00000006cc200000, 0x000000076bd80000)
  object space 141312K, 15% used [0x00000006c3800000,0x00000006c4dd4e98,0x00000006cc200000)
 Metaspace       used 34598K, capacity 35138K, committed 35416K, reserved 1081344K
  class space    used 4319K, capacity 4476K, committed 4480K, reserved 1048576K
Event: 2.211 GC heap after
Heap after GC invocations=4 (full 1):
 PSYoungGen      total 140800K, used 10727K [0x000000076bd80000, 0x0000000777d00000, 0x00000007c0000000)
  eden space 130048K, 0% used [0x000000076bd80000,0x000000076bd80000,0x0000000773c80000)
  from space 10752K, 99% used [0x0000000773c80000,0x00000007746f9c40,0x0000000774700000)
  to   space 10752K, 0% used [0x0000000777280000,0x0000000777280000,0x0000000777d00000)
 ParOldGen       total 141312K, used 35451K [0x00000006c3800000, 0x00000006cc200000, 0x000000076bd80000)
  object space 141312K, 25% used [0x00000006c3800000,0x00000006c5a9ef38,0x00000006cc200000)
 Metaspace       used 34598K, capacity 35138K, committed 35416K, reserved 1081344K
  class space    used 4319K, capacity 4476K, committed 4480K, reserved 1048576K
}
Event: 2.211 GC heap before
{Heap before GC invocations=5 (full 2):
 PSYoungGen      total 140800K, used 10727K [0x000000076bd80000, 0x0000000777d00000, 0x00000007c0000000)
  eden space 130048K, 0% used [0x000000076bd80000,0x000000076bd80000,0x0000000773c80000)
  from space 10752K, 99% used [0x0000000773c80000,0x00000007746f9c40,0x0000000774700000)
  to   space 10752K, 0% used [0x0000000777280000,0x0000000777280000,0x0000000777d00000)
 ParOldGen       total 141312K, used 35451K [0x00000006c3800000, 0x00000006cc200000, 0x000000076bd80000)
  object space 141312K, 25% used [0x00000006c3800000,0x00000006c5a9ef38,0x00000006cc200000)
 Metaspace       used 34598K, capacity 35138K, committed 35416K, reserved 1081344K
  class space    used 4319K, capacity 4476K, committed 4480K, reserved 1048576K
Event: 2.261 GC heap after
Heap after GC invocations=5 (full 2):
 PSYoungGen      total 140800K, used 0K [0x000000076bd80000, 0x0000000777d00000, 0x00000007c0000000)
  eden space 130048K, 0% used [0x000000076bd80000,0x000000076bd80000,0x0000000773c80000)
  from space 10752K, 0% used [0x0000000773c80000,0x0000000773c80000,0x0000000774700000)
  to   space 10752K, 0% used [0x0000000777280000,0x0000000777280000,0x0000000777d00000)
 ParOldGen       total 141312K, used 42512K [0x00000006c3800000, 0x00000006cc200000, 0x000000076bd80000)
  object space 141312K, 30% used [0x00000006c3800000,0x00000006c6184168,0x00000006cc200000)
 Metaspace       used 34598K, capacity 35138K, committed 35416K, reserved 1081344K
  class space    used 4319K, capacity 4476K, committed 4480K, reserved 1048576K
}

