# JRE version: OpenJDK Runtime Environment (8.0_212-b04) (build 1.8.0_212-release-1586-b04)
# Java VM: OpenJDK 64-Bit Server VM (25.212-b04 mixed mode windows-amd64 compressed oops)
Heap:
 PSYoungGen      total 35840K, used 3338K [0x00000000e0000000, 0x00000000e3380000, 0x0000000100000000)
  eden space 26624K, 3% used [0x00000000e0000000,0x00000000e0103ca0,0x00000000e1a00000)
  from space 9216K, 24% used [0x00000000e2300000,0x00000000e253ecd8,0x00000000e2c00000)
  to   space 9216K, 0% used [0x00000000e1a00000,0x00000000e1a00000,0x00000000e2300000)
 ParOldGen       total 56320K, used 26655K [0x00000000a0000000, 0x00000000a3700000, 0x00000000e0000000)
  object space 56320K, 47% used [0x00000000a0000000,0x00000000a1a07d90,0x00000000a3700000)
 Metaspace       used 46068K, capacity 47048K, committed 47232K, reserved 1089536K
  class space    used 6172K, capacity 6495K, committed 6528K, reserved 1048576K
GC Heap History (10 events):
Event: 135.955 GC heap before
{Heap before GC invocations=16 (full 2):
 PSYoungGen      total 38400K, used 28672K [0x00000000e0000000, 0x00000000e3000000, 0x0000000100000000)
  eden space 28672K, 100% used [0x00000000e0000000,0x00000000e1c00000,0x00000000e1c00000)
  from space 9728K, 0% used [0x00000000e1c80000,0x00000000e1c80000,0x00000000e2600000)
  to   space 10240K, 0% used [0x00000000e2600000,0x00000000e2600000,0x00000000e3000000)
 ParOldGen       total 56320K, used 18366K [0x00000000a0000000, 0x00000000a3700000, 0x00000000e0000000)
  object space 56320K, 32% used [0x00000000a0000000,0x00000000a11efb38,0x00000000a3700000)
 Metaspace       used 39244K, capacity 40144K, committed 40320K, reserved 1083392K
  class space    used 5328K, capacity 5636K, committed 5760K, reserved 1048576K
Event: 135.960 GC heap after
Heap after GC invocations=16 (full 2):
 PSYoungGen      total 36864K, used 4125K [0x00000000e0000000, 0x00000000e2e80000, 0x0000000100000000)
  eden space 28160K, 0% used [0x00000000e0000000,0x00000000e0000000,0x00000000e1b80000)
  from space 8704K, 47% used [0x00000000e2600000,0x00000000e2a07408,0x00000000e2e80000)
  to   space 9728K, 0% used [0x00000000e1b80000,0x00000000e1b80000,0x00000000e2500000)
 ParOldGen       total 56320K, used 18374K [0x00000000a0000000, 0x00000000a3700000, 0x00000000e0000000)
  object space 56320K, 32% used [0x00000000a0000000,0x00000000a11f1b38,0x00000000a3700000)
 Metaspace       used 39244K, capacity 40144K, committed 40320K, reserved 1083392K
  class space    used 5328K, capacity 5636K, committed 5760K, reserved 1048576K
}
Event: 139.430 GC heap before
{Heap before GC invocations=17 (full 2):
 PSYoungGen      total 36864K, used 32285K [0x00000000e0000000, 0x00000000e2e80000, 0x0000000100000000)
  eden space 28160K, 100% used [0x00000000e0000000,0x00000000e1b80000,0x00000000e1b80000)
  from space 8704K, 47% used [0x00000000e2600000,0x00000000e2a07408,0x00000000e2e80000)
  to   space 9728K, 0% used [0x00000000e1b80000,0x00000000e1b80000,0x00000000e2500000)
 ParOldGen       total 56320K, used 18374K [0x00000000a0000000, 0x00000000a3700000, 0x00000000e0000000)
  object space 56320K, 32% used [0x00000000a0000000,0x00000000a11f1b38,0x00000000a3700000)
 Metaspace       used 41193K, capacity 42076K, committed 42368K, reserved 1085440K
  class space    used 5593K, capacity 5890K, committed 6016K, reserved 1048576K
Event: 139.441 GC heap after
Heap after GC invocations=17 (full 2):
 PSYoungGen      total 34304K, used 6347K [0x00000000e0000000, 0x00000000e2e00000, 0x0000000100000000)
  eden space 27648K, 0% used [0x00000000e0000000,0x00000000e0000000,0x00000000e1b00000)
  from space 6656K, 95% used [0x00000000e1b80000,0x00000000e21b2f90,0x00000000e2200000)
  to   space 9728K, 0% used [0x00000000e2480000,0x00000000e2480000,0x00000000e2e00000)
 ParOldGen       total 56320K, used 19414K [0x00000000a0000000, 0x00000000a3700000, 0x00000000e0000000)
  object space 56320K, 34% used [0x00000000a0000000,0x00000000a12f5b88,0x00000000a3700000)
 Metaspace       used 41193K, capacity 42076K, committed 42368K, reserved 1085440K
  class space    used 5593K, capacity 5890K, committed 6016K, reserved 1048576K
}
Event: 143.665 GC heap before
{Heap before GC invocations=18 (full 2):
 PSYoungGen      total 34304K, used 33995K [0x00000000e0000000, 0x00000000e2e00000, 0x0000000100000000)
  eden space 27648K, 100% used [0x00000000e0000000,0x00000000e1b00000,0x00000000e1b00000)
  from space 6656K, 95% used [0x00000000e1b80000,0x00000000e21b2f90,0x00000000e2200000)
  to   space 9728K, 0% used [0x00000000e2480000,0x00000000e2480000,0x00000000e2e00000)
 ParOldGen       total 56320K, used 19414K [0x00000000a0000000, 0x00000000a3700000, 0x00000000e0000000)
  object space 56320K, 34% used [0x00000000a0000000,0x00000000a12f5b88,0x00000000a3700000)
 Metaspace       used 43621K, capacity 44512K, committed 44672K, reserved 1087488K
  class space    used 5856K, capacity 6184K, committed 6272K, reserved 1048576K
Event: 143.684 GC heap after
Heap after GC invocations=18 (full 2):
 PSYoungGen      total 35328K, used 4894K [0x00000000e0000000, 0x00000000e2c80000, 0x0000000100000000)
  eden space 27136K, 0% used [0x00000000e0000000,0x00000000e0000000,0x00000000e1a80000)
  from space 8192K, 59% used [0x00000000e2480000,0x00000000e2947928,0x00000000e2c80000)
  to   space 9216K, 0% used [0x00000000e1a80000,0x00000000e1a80000,0x00000000e2380000)
 ParOldGen       total 56320K, used 22105K [0x00000000a0000000, 0x00000000a3700000, 0x00000000e0000000)
  object space 56320K, 39% used [0x00000000a0000000,0x00000000a1596500,0x00000000a3700000)
 Metaspace       used 43621K, capacity 44512K, committed 44672K, reserved 1087488K
  class space    used 5856K, capacity 6184K, committed 6272K, reserved 1048576K
}
Event: 146.496 GC heap before
{Heap before GC invocations=19 (full 2):
 PSYoungGen      total 35328K, used 32030K [0x00000000e0000000, 0x00000000e2c80000, 0x0000000100000000)
  eden space 27136K, 100% used [0x00000000e0000000,0x00000000e1a80000,0x00000000e1a80000)
  from space 8192K, 59% used [0x00000000e2480000,0x00000000e2947928,0x00000000e2c80000)
  to   space 9216K, 0% used [0x00000000e1a80000,0x00000000e1a80000,0x00000000e2380000)
 ParOldGen       total 56320K, used 22105K [0x00000000a0000000, 0x00000000a3700000, 0x00000000e0000000)
  object space 56320K, 39% used [0x00000000a0000000,0x00000000a1596500,0x00000000a3700000)
 Metaspace       used 45348K, capacity 46248K, committed 46336K, reserved 1089536K
  class space    used 6068K, capacity 6375K, committed 6400K, reserved 1048576K
Event: 146.515 GC heap after
Heap after GC invocations=19 (full 2):
 PSYoungGen      total 31232K, used 4299K [0x00000000e0000000, 0x00000000e2c00000, 0x0000000100000000)
  eden space 26624K, 0% used [0x00000000e0000000,0x00000000e0000000,0x00000000e1a00000)
  from space 4608K, 93% used [0x00000000e1a80000,0x00000000e1eb2df8,0x00000000e1f00000)
  to   space 9216K, 0% used [0x00000000e2300000,0x00000000e2300000,0x00000000e2c00000)
 ParOldGen       total 56320K, used 23937K [0x00000000a0000000, 0x00000000a3700000, 0x00000000e0000000)
  object space 56320K, 42% used [0x00000000a0000000,0x00000000a1760520,0x00000000a3700000)
 Metaspace       used 45348K, capacity 46248K, committed 46336K, reserved 1089536K
  class space    used 6068K, capacity 6375K, committed 6400K, reserved 1048576K
}
Event: 148.353 GC heap before
{Heap before GC invocations=20 (full 2):
 PSYoungGen      total 31232K, used 30923K [0x00000000e0000000, 0x00000000e2c00000, 0x0000000100000000)
  eden space 26624K, 100% used [0x00000000e0000000,0x00000000e1a00000,0x00000000e1a00000)
  from space 4608K, 93% used [0x00000000e1a80000,0x00000000e1eb2df8,0x00000000e1f00000)
  to   space 9216K, 0% used [0x00000000e2300000,0x00000000e2300000,0x00000000e2c00000)
 ParOldGen       total 56320K, used 23937K [0x00000000a0000000, 0x00000000a3700000, 0x00000000e0000000)
  object space 56320K, 42% used [0x00000000a0000000,0x00000000a1760520,0x00000000a3700000)
 Metaspace       used 46011K, capacity 47036K, committed 47232K, reserved 1089536K
  class space    used 6161K, capacity 6491K, committed 6528K, reserved 1048576K
Event: 148.379 GC heap after
Heap after GC invocations=20 (full 2):
 PSYoungGen      total 35840K, used 2299K [0x00000000e0000000, 0x00000000e3380000, 0x0000000100000000)
  eden space 26624K, 0% used [0x00000000e0000000,0x00000000e0000000,0x00000000e1a00000)
  from space 9216K, 24% used [0x00000000e2300000,0x00000000e253ecd8,0x00000000e2c00000)
  to   space 9216K, 0% used [0x00000000e1a00000,0x00000000e1a00000,0x00000000e2300000)
 ParOldGen       total 56320K, used 26655K [0x00000000a0000000, 0x00000000a3700000, 0x00000000e0000000)
  object space 56320K, 47% used [0x00000000a0000000,0x00000000a1a07d90,0x00000000a3700000)
 Metaspace       used 46011K, capacity 47036K, committed 47232K, reserved 1089536K
  class space    used 6161K, capacity 6491K, committed 6528K, reserved 1048576K
}

