# JRE version: OpenJDK Runtime Environment (8.0_242-b01) (build 1.8.0_242-release-1644-b01)
# Java VM: OpenJDK 64-Bit Server VM (25.242-b01 mixed mode windows-amd64 compressed oops)
Heap:
 PSYoungGen      total 75776K, used 41004K [0x000000076bd80000, 0x0000000771200000, 0x00000007c0000000)
  eden space 65024K, 63% used [0x000000076bd80000,0x000000076e58b188,0x000000076fd00000)
  from space 10752K, 0% used [0x0000000770780000,0x0000000770780000,0x0000000771200000)
  to   space 10752K, 0% used [0x000000076fd00000,0x000000076fd00000,0x0000000770780000)
 ParOldGen       total 142336K, used 22353K [0x00000006c3800000, 0x00000006cc300000, 0x000000076bd80000)
  object space 142336K, 15% used [0x00000006c3800000,0x00000006c4dd4478,0x00000006cc300000)
 Metaspace       used 25148K, capacity 25734K, committed 25984K, reserved 1071104K
  class space    used 3205K, capacity 3378K, committed 3456K, reserved 1048576K
GC Heap History (6 events):
Event: 0.739 GC heap before
{Heap before GC invocations=1 (full 0):
 PSYoungGen      total 75776K, used 65024K [0x000000076bd80000, 0x0000000771200000, 0x00000007c0000000)
  eden space 65024K, 100% used [0x000000076bd80000,0x000000076fd00000,0x000000076fd00000)
  from space 10752K, 0% used [0x0000000770780000,0x0000000770780000,0x0000000771200000)
  to   space 10752K, 0% used [0x000000076fd00000,0x000000076fd00000,0x0000000770780000)
 ParOldGen       total 173568K, used 0K [0x00000006c3800000, 0x00000006ce180000, 0x000000076bd80000)
  object space 173568K, 0% used [0x00000006c3800000,0x00000006c3800000,0x00000006ce180000)
 Metaspace       used 15546K, capacity 15844K, committed 16000K, reserved 1062912K
  class space    used 1761K, capacity 1836K, committed 1920K, reserved 1048576K
Event: 0.748 GC heap after
Heap after GC invocations=1 (full 0):
 PSYoungGen      total 75776K, used 10734K [0x000000076bd80000, 0x0000000771200000, 0x00000007c0000000)
  eden space 65024K, 0% used [0x000000076bd80000,0x000000076bd80000,0x000000076fd00000)
  from space 10752K, 99% used [0x000000076fd00000,0x000000077077bb20,0x0000000770780000)
  to   space 10752K, 0% used [0x0000000770780000,0x0000000770780000,0x0000000771200000)
 ParOldGen       total 173568K, used 4621K [0x00000006c3800000, 0x00000006ce180000, 0x000000076bd80000)
  object space 173568K, 2% used [0x00000006c3800000,0x00000006c3c83688,0x00000006ce180000)
 Metaspace       used 15546K, capacity 15844K, committed 16000K, reserved 1062912K
  class space    used 1761K, capacity 1836K, committed 1920K, reserved 1048576K
}
Event: 1.004 GC heap before
{Heap before GC invocations=2 (full 0):
 PSYoungGen      total 75776K, used 43970K [0x000000076bd80000, 0x0000000771200000, 0x00000007c0000000)
  eden space 65024K, 51% used [0x000000076bd80000,0x000000076ddf4e68,0x000000076fd00000)
  from space 10752K, 99% used [0x000000076fd00000,0x000000077077bb20,0x0000000770780000)
  to   space 10752K, 0% used [0x0000000770780000,0x0000000770780000,0x0000000771200000)
 ParOldGen       total 173568K, used 4621K [0x00000006c3800000, 0x00000006ce180000, 0x000000076bd80000)
  object space 173568K, 2% used [0x00000006c3800000,0x00000006c3c83688,0x00000006ce180000)
 Metaspace       used 20666K, capacity 21082K, committed 21248K, reserved 1069056K
  class space    used 2360K, capacity 2491K, committed 2560K, reserved 1048576K
Event: 1.014 GC heap after
Heap after GC invocations=2 (full 0):
 PSYoungGen      total 75776K, used 10721K [0x000000076bd80000, 0x0000000771200000, 0x00000007c0000000)
  eden space 65024K, 0% used [0x000000076bd80000,0x000000076bd80000,0x000000076fd00000)
  from space 10752K, 99% used [0x0000000770780000,0x00000007711f8780,0x0000000771200000)
  to   space 10752K, 0% used [0x000000076fd00000,0x000000076fd00000,0x0000000770780000)
 ParOldGen       total 173568K, used 16456K [0x00000006c3800000, 0x00000006ce180000, 0x000000076bd80000)
  object space 173568K, 9% used [0x00000006c3800000,0x00000006c48121c0,0x00000006ce180000)
 Metaspace       used 20666K, capacity 21082K, committed 21248K, reserved 1069056K
  class space    used 2360K, capacity 2491K, committed 2560K, reserved 1048576K
}
Event: 1.014 GC heap before
{Heap before GC invocations=3 (full 1):
 PSYoungGen      total 75776K, used 10721K [0x000000076bd80000, 0x0000000771200000, 0x00000007c0000000)
  eden space 65024K, 0% used [0x000000076bd80000,0x000000076bd80000,0x000000076fd00000)
  from space 10752K, 99% used [0x0000000770780000,0x00000007711f8780,0x0000000771200000)
  to   space 10752K, 0% used [0x000000076fd00000,0x000000076fd00000,0x0000000770780000)
 ParOldGen       total 173568K, used 16456K [0x00000006c3800000, 0x00000006ce180000, 0x000000076bd80000)
  object space 173568K, 9% used [0x00000006c3800000,0x00000006c48121c0,0x00000006ce180000)
 Metaspace       used 20666K, capacity 21082K, committed 21248K, reserved 1069056K
  class space    used 2360K, capacity 2491K, committed 2560K, reserved 1048576K
Event: 1.055 GC heap after
Heap after GC invocations=3 (full 1):
 PSYoungGen      total 75776K, used 0K [0x000000076bd80000, 0x0000000771200000, 0x00000007c0000000)
  eden space 65024K, 0% used [0x000000076bd80000,0x000000076bd80000,0x000000076fd00000)
  from space 10752K, 0% used [0x0000000770780000,0x0000000770780000,0x0000000771200000)
  to   space 10752K, 0% used [0x000000076fd00000,0x000000076fd00000,0x0000000770780000)
 ParOldGen       total 142336K, used 22353K [0x00000006c3800000, 0x00000006cc300000, 0x000000076bd80000)
  object space 142336K, 15% used [0x00000006c3800000,0x00000006c4dd4478,0x00000006cc300000)
 Metaspace       used 20666K, capacity 21082K, committed 21248K, reserved 1069056K
  class space    used 2360K, capacity 2491K, committed 2560K, reserved 1048576K
}

