# JRE version: OpenJDK Runtime Environment (8.0_242-b01) (build 1.8.0_242-release-1644-b01)
# Java VM: OpenJDK 64-Bit Server VM (25.242-b01 mixed mode windows-amd64 compressed oops)
Heap:
 PSYoungGen      total 75776K, used 10721K [0x000000076bd80000, 0x0000000771200000, 0x00000007c0000000)
  eden space 65024K, 0% used [0x000000076bd80000,0x000000076bd80000,0x000000076fd00000)
  from space 10752K, 99% used [0x0000000770780000,0x00000007711f8790,0x0000000771200000)
  to   space 10752K, 0% used [0x000000076fd00000,0x000000076fd00000,0x0000000770780000)
 ParOldGen       total 173568K, used 16440K [0x00000006c3800000, 0x00000006ce180000, 0x000000076bd80000)
  object space 173568K, 9% used [0x00000006c3800000,0x00000006c480e178,0x00000006ce180000)
 Metaspace       used 20676K, capacity 21082K, committed 21248K, reserved 1069056K
  class space    used 2361K, capacity 2491K, committed 2560K, reserved 1048576K
GC Heap History (5 events):
Event: 0.758 GC heap before
{Heap before GC invocations=1 (full 0):
 PSYoungGen      total 75776K, used 65024K [0x000000076bd80000, 0x0000000771200000, 0x00000007c0000000)
  eden space 65024K, 100% used [0x000000076bd80000,0x000000076fd00000,0x000000076fd00000)
  from space 10752K, 0% used [0x0000000770780000,0x0000000770780000,0x0000000771200000)
  to   space 10752K, 0% used [0x000000076fd00000,0x000000076fd00000,0x0000000770780000)
 ParOldGen       total 173568K, used 0K [0x00000006c3800000, 0x00000006ce180000, 0x000000076bd80000)
  object space 173568K, 0% used [0x00000006c3800000,0x00000006c3800000,0x00000006ce180000)
 Metaspace       used 15554K, capacity 15844K, committed 16000K, reserved 1062912K
  class space    used 1761K, capacity 1836K, committed 1920K, reserved 1048576K
Event: 0.766 GC heap after
Heap after GC invocations=1 (full 0):
 PSYoungGen      total 75776K, used 10748K [0x000000076bd80000, 0x0000000771200000, 0x00000007c0000000)
  eden space 65024K, 0% used [0x000000076bd80000,0x000000076bd80000,0x000000076fd00000)
  from space 10752K, 99% used [0x000000076fd00000,0x000000077077f3e0,0x0000000770780000)
  to   space 10752K, 0% used [0x0000000770780000,0x0000000770780000,0x0000000771200000)
 ParOldGen       total 173568K, used 4590K [0x00000006c3800000, 0x00000006ce180000, 0x000000076bd80000)
  object space 173568K, 2% used [0x00000006c3800000,0x00000006c3c7bb00,0x00000006ce180000)
 Metaspace       used 15554K, capacity 15844K, committed 16000K, reserved 1062912K
  class space    used 1761K, capacity 1836K, committed 1920K, reserved 1048576K
}
Event: 1.033 GC heap before
{Heap before GC invocations=2 (full 0):
 PSYoungGen      total 75776K, used 44353K [0x000000076bd80000, 0x0000000771200000, 0x00000007c0000000)
  eden space 65024K, 51% used [0x000000076bd80000,0x000000076de51128,0x000000076fd00000)
  from space 10752K, 99% used [0x000000076fd00000,0x000000077077f3e0,0x0000000770780000)
  to   space 10752K, 0% used [0x0000000770780000,0x0000000770780000,0x0000000771200000)
 ParOldGen       total 173568K, used 4590K [0x00000006c3800000, 0x00000006ce180000, 0x000000076bd80000)
  object space 173568K, 2% used [0x00000006c3800000,0x00000006c3c7bb00,0x00000006ce180000)
 Metaspace       used 20676K, capacity 21082K, committed 21248K, reserved 1069056K
  class space    used 2361K, capacity 2491K, committed 2560K, reserved 1048576K
Event: 1.044 GC heap after
Heap after GC invocations=2 (full 0):
 PSYoungGen      total 75776K, used 10721K [0x000000076bd80000, 0x0000000771200000, 0x00000007c0000000)
  eden space 65024K, 0% used [0x000000076bd80000,0x000000076bd80000,0x000000076fd00000)
  from space 10752K, 99% used [0x0000000770780000,0x00000007711f8790,0x0000000771200000)
  to   space 10752K, 0% used [0x000000076fd00000,0x000000076fd00000,0x0000000770780000)
 ParOldGen       total 173568K, used 16440K [0x00000006c3800000, 0x00000006ce180000, 0x000000076bd80000)
  object space 173568K, 9% used [0x00000006c3800000,0x00000006c480e178,0x00000006ce180000)
 Metaspace       used 20676K, capacity 21082K, committed 21248K, reserved 1069056K
  class space    used 2361K, capacity 2491K, committed 2560K, reserved 1048576K
}
Event: 1.044 GC heap before
{Heap before GC invocations=3 (full 1):
 PSYoungGen      total 75776K, used 10721K [0x000000076bd80000, 0x0000000771200000, 0x00000007c0000000)
  eden space 65024K, 0% used [0x000000076bd80000,0x000000076bd80000,0x000000076fd00000)
  from space 10752K, 99% used [0x0000000770780000,0x00000007711f8790,0x0000000771200000)
  to   space 10752K, 0% used [0x000000076fd00000,0x000000076fd00000,0x0000000770780000)
 ParOldGen       total 173568K, used 16440K [0x00000006c3800000, 0x00000006ce180000, 0x000000076bd80000)
  object space 173568K, 9% used [0x00000006c3800000,0x00000006c480e178,0x00000006ce180000)
 Metaspace       used 20676K, capacity 21082K, committed 21248K, reserved 1069056K
  class space    used 2361K, capacity 2491K, committed 2560K, reserved 1048576K

